<?xml version="1.0" encoding="UTF-8"?>
<!-- Generated by org.testng.reporters.JUnitXMLReporter -->
<testsuite hostname="LAPTOP-NES65AAG" ignored="0" name="Default test" tests="2" failures="0" timestamp="14 Jun 2020 12:57:07 GMT" time="64.69" errors="0">
  <testcase name="verifyAddUser" time="18.087" classname="com.priya.SeleniumDemo.UserManagementTC_002"/>
  <testcase name="verifyDeleteUser" time="14.185" classname="com.priya.SeleniumDemo.UserManagementTC_002"/>
</testsuite> <!-- Default test -->
