<?xml version="1.0" encoding="UTF-8"?>
<!-- Generated by org.testng.reporters.JUnitXMLReporter -->
<testsuite hostname="LAPTOP-NES65AAG" ignored="0" name="Test" tests="3" failures="0" timestamp="14 Jun 2020 11:30:34 GMT" time="53.027" errors="0">
  <testcase name="verifyAddUser" time="15.017" classname="com.priya.SeleniumDemo.UserManagementTC_002"/>
  <testcase name="verifyTitile" time="0.014" classname="com.priya.SeleniumDemo.LoginTC_001"/>
  <testcase name="verifyLogin" time="8.684" classname="com.priya.SeleniumDemo.LoginTC_001"/>
</testsuite> <!-- Test -->
