<?xml version="1.0" encoding="UTF-8"?>
<!-- Generated by org.testng.reporters.JUnitXMLReporter -->
<testsuite hostname="LAPTOP-NES65AAG" ignored="0" name="Test" tests="4" failures="0" timestamp="14 Jun 2020 13:02:02 GMT" time="90.115" errors="0">
  <testcase name="verifyTitile" time="0.037" classname="com.priya.SeleniumDemo.LoginTC_001"/>
  <testcase name="verifyAddUser" time="30.165" classname="com.priya.SeleniumDemo.UserManagementTC_002"/>
  <testcase name="verifyLogin" time="6.511" classname="com.priya.SeleniumDemo.LoginTC_001"/>
  <testcase name="verifyDeleteUser" time="16.239" classname="com.priya.SeleniumDemo.UserManagementTC_002"/>
</testsuite> <!-- Test -->
