<?xml version="1.0" encoding="UTF-8"?>
<testng-results skipped="0" failed="0" ignored="0" total="4" passed="4">
  <reporter-output>
  </reporter-output>
  <suite name="Suite" duration-ms="90115" started-at="2020-06-14T13:00:31Z" finished-at="2020-06-14T13:02:01Z">
    <groups>
    </groups>
    <test name="Test" duration-ms="90115" started-at="2020-06-14T13:00:31Z" finished-at="2020-06-14T13:02:01Z">
      <class name="com.priya.SeleniumDemo.UserManagementTC_002">
        <test-method status="PASS" signature="setUp()[pri:0, instance:com.priya.SeleniumDemo.UserManagementTC_002@6d4b1c02]" name="setUp" is-config="true" duration-ms="7406" started-at="2020-06-14T13:00:43Z" finished-at="2020-06-14T13:00:50Z">
          <reporter-output>
          </reporter-output>
        </test-method> <!-- setUp -->
        <test-method status="PASS" signature="verifyAddUser()[pri:1, instance:com.priya.SeleniumDemo.UserManagementTC_002@6d4b1c02]" name="verifyAddUser" duration-ms="30165" started-at="2020-06-14T13:00:50Z" finished-at="2020-06-14T13:01:20Z">
          <reporter-output>
          </reporter-output>
        </test-method> <!-- verifyAddUser -->
        <test-method status="PASS" signature="tearDown()[pri:0, instance:com.priya.SeleniumDemo.UserManagementTC_002@6d4b1c02]" name="tearDown" is-config="true" duration-ms="839" started-at="2020-06-14T13:01:20Z" finished-at="2020-06-14T13:01:21Z">
          <reporter-output>
          </reporter-output>
        </test-method> <!-- tearDown -->
        <test-method status="PASS" signature="setUp()[pri:0, instance:com.priya.SeleniumDemo.UserManagementTC_002@6d4b1c02]" name="setUp" is-config="true" duration-ms="7308" started-at="2020-06-14T13:01:36Z" finished-at="2020-06-14T13:01:44Z">
          <reporter-output>
          </reporter-output>
        </test-method> <!-- setUp -->
        <test-method status="PASS" signature="verifyDeleteUser()[pri:2, instance:com.priya.SeleniumDemo.UserManagementTC_002@6d4b1c02]" name="verifyDeleteUser" duration-ms="16239" started-at="2020-06-14T13:01:44Z" finished-at="2020-06-14T13:02:00Z">
          <reporter-output>
          </reporter-output>
        </test-method> <!-- verifyDeleteUser -->
        <test-method status="PASS" signature="tearDown()[pri:0, instance:com.priya.SeleniumDemo.UserManagementTC_002@6d4b1c02]" name="tearDown" is-config="true" duration-ms="1362" started-at="2020-06-14T13:02:00Z" finished-at="2020-06-14T13:02:01Z">
          <reporter-output>
          </reporter-output>
        </test-method> <!-- tearDown -->
      </class> <!-- com.priya.SeleniumDemo.UserManagementTC_002 -->
      <class name="com.priya.SeleniumDemo.LoginTC_001">
        <test-method status="PASS" signature="setUp()[pri:0, instance:com.priya.SeleniumDemo.LoginTC_001@7cd62f43]" name="setUp" is-config="true" duration-ms="10671" started-at="2020-06-14T13:00:31Z" finished-at="2020-06-14T13:00:42Z">
          <reporter-output>
          </reporter-output>
        </test-method> <!-- setUp -->
        <test-method status="PASS" signature="verifyTitile()[pri:1, instance:com.priya.SeleniumDemo.LoginTC_001@7cd62f43]" name="verifyTitile" duration-ms="37" started-at="2020-06-14T13:00:42Z" finished-at="2020-06-14T13:00:42Z">
          <reporter-output>
          </reporter-output>
        </test-method> <!-- verifyTitile -->
        <test-method status="PASS" signature="tearDown()[pri:0, instance:com.priya.SeleniumDemo.LoginTC_001@7cd62f43]" name="tearDown" is-config="true" duration-ms="773" started-at="2020-06-14T13:00:42Z" finished-at="2020-06-14T13:00:43Z">
          <reporter-output>
          </reporter-output>
        </test-method> <!-- tearDown -->
        <test-method status="PASS" signature="setUp()[pri:0, instance:com.priya.SeleniumDemo.LoginTC_001@7cd62f43]" name="setUp" is-config="true" duration-ms="7888" started-at="2020-06-14T13:01:21Z" finished-at="2020-06-14T13:01:29Z">
          <reporter-output>
          </reporter-output>
        </test-method> <!-- setUp -->
        <test-method status="PASS" signature="verifyLogin()[pri:2, instance:com.priya.SeleniumDemo.LoginTC_001@7cd62f43]" name="verifyLogin" duration-ms="6511" started-at="2020-06-14T13:01:29Z" finished-at="2020-06-14T13:01:36Z">
          <reporter-output>
          </reporter-output>
        </test-method> <!-- verifyLogin -->
        <test-method status="PASS" signature="tearDown()[pri:0, instance:com.priya.SeleniumDemo.LoginTC_001@7cd62f43]" name="tearDown" is-config="true" duration-ms="846" started-at="2020-06-14T13:01:36Z" finished-at="2020-06-14T13:01:36Z">
          <reporter-output>
          </reporter-output>
        </test-method> <!-- tearDown -->
      </class> <!-- com.priya.SeleniumDemo.LoginTC_001 -->
    </test> <!-- Test -->
  </suite> <!-- Suite -->
</testng-results>
