<?xml version="1.0" encoding="UTF-8"?>
<testng-results skipped="0" failed="0" ignored="0" total="2" passed="2">
  <reporter-output>
  </reporter-output>
  <suite name="Suite" duration-ms="39310" started-at="2020-06-13T09:28:07Z" finished-at="2020-06-13T09:28:47Z">
    <groups>
    </groups>
    <test name="Test" duration-ms="39310" started-at="2020-06-13T09:28:07Z" finished-at="2020-06-13T09:28:47Z">
      <class name="com.priya.SeleniumDemo.LoginTC_001">
        <test-method status="PASS" signature="setUp()[pri:0, instance:com.priya.SeleniumDemo.LoginTC_001@6093dd95]" name="setUp" is-config="true" duration-ms="16126" started-at="2020-06-13T09:28:07Z" finished-at="2020-06-13T09:28:23Z">
          <reporter-output>
          </reporter-output>
        </test-method> <!-- setUp -->
        <test-method status="PASS" signature="verifyTitile()[pri:1, instance:com.priya.SeleniumDemo.LoginTC_001@6093dd95]" name="verifyTitile" duration-ms="52" started-at="2020-06-13T09:28:23Z" finished-at="2020-06-13T09:28:23Z">
          <reporter-output>
          </reporter-output>
        </test-method> <!-- verifyTitile -->
        <test-method status="PASS" signature="tearDown()[pri:0, instance:com.priya.SeleniumDemo.LoginTC_001@6093dd95]" name="tearDown" is-config="true" duration-ms="908" started-at="2020-06-13T09:28:23Z" finished-at="2020-06-13T09:28:24Z">
          <reporter-output>
          </reporter-output>
        </test-method> <!-- tearDown -->
        <test-method status="PASS" signature="setUp()[pri:0, instance:com.priya.SeleniumDemo.LoginTC_001@6093dd95]" name="setUp" is-config="true" duration-ms="10065" started-at="2020-06-13T09:28:24Z" finished-at="2020-06-13T09:28:34Z">
          <reporter-output>
          </reporter-output>
        </test-method> <!-- setUp -->
        <test-method status="PASS" signature="verifyLogin()[pri:2, instance:com.priya.SeleniumDemo.LoginTC_001@6093dd95]" name="verifyLogin" duration-ms="11287" started-at="2020-06-13T09:28:34Z" finished-at="2020-06-13T09:28:46Z">
          <reporter-output>
          </reporter-output>
        </test-method> <!-- verifyLogin -->
        <test-method status="PASS" signature="tearDown()[pri:0, instance:com.priya.SeleniumDemo.LoginTC_001@6093dd95]" name="tearDown" is-config="true" duration-ms="829" started-at="2020-06-13T09:28:46Z" finished-at="2020-06-13T09:28:47Z">
          <reporter-output>
          </reporter-output>
        </test-method> <!-- tearDown -->
      </class> <!-- com.priya.SeleniumDemo.LoginTC_001 -->
    </test> <!-- Test -->
  </suite> <!-- Suite -->
</testng-results>
